1549744233108	mozrunner::runner	INFO	Running command: "C:\\Program Files (x86)\\Mozilla Firefox\\firefox.exe" "-marionette" "-foreground" "-no-remote" "-profile" "C:\\Users\\OBULGA~1\\AppData\\Local\\Temp\\rust_mozprofile.emvldGQjx6kx"
1549744233993	addons.webextension.screenshots@mozilla.org	WARN	Loading extension 'screenshots@mozilla.org': Reading manifest: Invalid host permission: resource://pdf.js/
1549744233994	addons.webextension.screenshots@mozilla.org	WARN	Loading extension 'screenshots@mozilla.org': Reading manifest: Invalid host permission: about:reader*
1549744236216	Marionette	INFO	Listening on port 53162
1549744236326	Marionette	WARN	TLS certificate errors will be ignored for this session
JavaScript warning: http://gfn-brio03:9200/portal/app/scheduler/scheduler.services.js?v=1549744237760, line 527: unreachable code after return statement
JavaScript warning: http://gfn-brio03:9200/portal/app/scheduler/scheduler.directives.js?v=1549744237760, line 2591: unreachable code after return statement
1549744242026	Marionette	INFO	Stopped listening on port 53162
[Parent 19300, Gecko_IOThread] WARNING: pipe error: 109: file z:/build/build/src/ipc/chromium/src/chrome/common/ipc_channel_win.cc, line 332
[Parent 19300, Gecko_IOThread] WARNING: pipe error: 109: file z:/build/build/src/ipc/chromium/src/chrome/common/ipc_channel_win.cc, line 332
[Child 12036, Chrome_ChildThread] WARNING: pipe error: 109: file z:/build/build/src/ipc/chromium/src/chrome/common/ipc_channel_win.cc, line 332
[Child 12036,[Child 17848, Chrome_ChildThread] WARNING: pipe error: 109: file z:/build/build/src/ipc/chromium/src/chrome/common/ipc_channel_win.cc, line 332
[Child 17848, Chrome_C[Parent 19300, Gecko_IOThread] WARNING: pipe error: 109: file z:/build/build/src/ipc/chromium/src/chrome/common/ipc_channel_win.cc, line 332
[Child 24864, Chrome_ChildThread] WARNING: pipe error: 109: file z:/build/build/src/ipc/chromium/src/chrome/common/ipc_channel_win.cc, line 332
[Child 24864, C[GPU 12400, Chrom
###!!! [Child][MessageChannel::SendAndWait] Error: Channel error: cannot send/recv

1549776787645	mozrunner::runner	INFO	Running command: "C:\\Program Files (x86)\\Mozilla Firefox\\firefox.exe" "-marionette" "-foreground" "-no-remote" "-profile" "C:\\Users\\OBULGA~1\\AppData\\Local\\Temp\\rust_mozprofile.7yLWDS6eqoZJ"
1549776788598	addons.webextension.screenshots@mozilla.org	WARN	Loading extension 'screenshots@mozilla.org': Reading manifest: Invalid host permission: resource://pdf.js/
1549776788598	addons.webextension.screenshots@mozilla.org	WARN	Loading extension 'screenshots@mozilla.org': Reading manifest: Invalid host permission: about:reader*
1549776790801	Marionette	INFO	Listening on port 62551
1549776790877	Marionette	WARN	TLS certificate errors will be ignored for this session
JavaScript warning: http://gfn-brio03:9200/portal/app/scheduler/scheduler.services.js?v=1549776791968, line 527: unreachable code after return statement
JavaScript warning: http://gfn-brio03:9200/portal/app/scheduler/scheduler.directives.js?v=1549776791968, line 2591: unreachable code after return statement
1549776796448	Marionette	INFO	Stopped listening on port 62551
[Parent 22144, Gecko_IOThread] WARNING: pipe error: 109: file z:/build/build/src/ipc/chromium/src/chrome/common/ipc_channel_win.cc, line 332
[Parent 22144, Gecko_IOThread] WARNING: pipe error: 109: file z:/build/build/src/ipc/chromium/src/chrome/common/ipc_channel_win.cc, line 332
[Child 5320, Chrome_ChildThread] WARNING: pipe error: 109: file z:/build/build/src/ipc/chromium/src/chrome/common/i[Child 13668, Chrome_ChildThread] WARNIpc_chNG: pannelipe e_win.cc, line 332
rror: 109[Child : file z:/build/build/src/ipc/chromium/src/chrome/common/ipc_channel_win.cc, line 332
[Child 13668, Ch[Parent 22144, Gecko_IOThread] WARNING: pipe error: 109: file z:/build/build/src/ipc/chromium/src/chrome/common/ipc_channel_win.cc, line 332
[Child 21648, Chrome_ChildThread] WARNING: pipe error: 109: file z:/build/build/src/ipc/chromium/src/chrome/common/ipc_channel_win.cc, line 332
[Child 21648, [GPU 1812
###!!! [Child][RunMessage] Error: Channel closing: too late to send/recv, messages will be lost


###!!! [Child][MessageChannel::SendAndWait] Error: Channel error: cannot send/recv

